{"ip":"::1","level":"info","message":"Incoming request","method":"GET","path":"/api/v1/health","timestamp":"2025-04-16T12:35:03.337Z"}
{"ip":"::1","level":"info","message":"Incoming request","method":"POST","path":"/api/v1/auth/login","timestamp":"2025-04-16T12:35:05.918Z"}
{"ip":"::1","level":"info","message":"Incoming request","method":"GET","path":"/api/v1/health","timestamp":"2025-04-16T12:35:09.460Z"}
{"ip":"::1","level":"info","message":"Incoming request","method":"GET","path":"/api/v1/health","timestamp":"2025-04-16T12:35:15.561Z"}
{"ip":"::1","level":"info","message":"Incoming request","method":"POST","path":"/api/v1/auth/register","timestamp":"2025-04-16T12:35:18.633Z"}
{"ip":"203.190.8.116","level":"info","message":"Incoming request","method":"GET","path":"/favicon.ico","timestamp":"2025-04-16T12:39:30.797Z"}
{"ip":"203.190.8.116","level":"info","message":"Incoming request","method":"GET","path":"/","timestamp":"2025-04-16T12:40:01.278Z"}
{"ip":"::1","level":"info","message":"Incoming request","method":"POST","path":"/api/v1/auth/login","timestamp":"2025-04-16T12:42:59.059Z"}
{"ip":"::1","level":"info","message":"Incoming request","method":"GET","path":"/api/v1/health","timestamp":"2025-04-16T12:43:12.002Z"}
{"ip":"::1","level":"info","message":"Incoming request","method":"GET","path":"/api/v1/health","timestamp":"2025-04-16T12:43:14.033Z"}
{"ip":"::1","level":"info","message":"Incoming request","method":"GET","path":"/api/v1/health","timestamp":"2025-04-16T12:43:20.088Z"}
{"ip":"::1","level":"info","message":"Incoming request","method":"GET","path":"/api/v1/health","timestamp":"2025-04-16T12:43:26.172Z"}
{"ip":"::1","level":"info","message":"Incoming request","method":"GET","path":"/api/v1/health","timestamp":"2025-04-16T12:43:32.229Z"}
{"ip":"::1","level":"info","message":"Incoming request","method":"POST","path":"/api/v1/auth/login","timestamp":"2025-04-16T12:45:32.621Z"}
{"ip":"::1","level":"info","message":"Incoming request","method":"POST","path":"/api/v1/auth/login","timestamp":"2025-04-16T12:46:29.611Z"}
{"ip":"::1","level":"info","message":"Incoming request","method":"POST","path":"/api/v1/auth/login","timestamp":"2025-04-16T12:46:42.226Z"}
{"ip":"::1","level":"info","message":"Incoming request","method":"POST","path":"/api/v1/auth/login","timestamp":"2025-04-16T12:47:42.223Z"}
{"ip":"203.190.8.116","level":"info","message":"Incoming request","method":"POST","path":"/api/v1/auth/login","timestamp":"2025-04-16T12:50:46.116Z"}
{"ip":"::1","level":"info","message":"Incoming request","method":"GET","path":"/api/v1/health","timestamp":"2025-04-16T13:07:35.014Z"}
{"ip":"::1","level":"info","message":"Incoming request","method":"GET","path":"/api/v1/health","timestamp":"2025-04-16T13:07:37.042Z"}
{"ip":"::1","level":"info","message":"Incoming request","method":"GET","path":"/api/v1/health","timestamp":"2025-04-16T13:07:39.061Z"}
{"ip":"::1","level":"info","message":"Incoming request","method":"GET","path":"/api/v1/health","timestamp":"2025-04-16T13:07:45.169Z"}
{"ip":"::1","level":"info","message":"Incoming request","method":"GET","path":"/api/v1/health","timestamp":"2025-04-16T13:07:51.283Z"}
{"ip":"::1","level":"info","message":"Incoming request","method":"GET","path":"/api/v1/health","timestamp":"2025-04-16T13:23:08.549Z"}
{"ip":"::1","level":"info","message":"Incoming request","method":"GET","path":"/api/v1/health","timestamp":"2025-04-16T13:23:14.623Z"}
{"ip":"::1","level":"info","message":"Incoming request","method":"GET","path":"/api/v1/health","timestamp":"2025-04-16T13:23:20.678Z"}
{"ip":"::1","level":"info","message":"Incoming request","method":"GET","path":"/api/v1/health","timestamp":"2025-04-16T13:23:26.765Z"}
{"ip":"::1","level":"info","message":"Incoming request","method":"GET","path":"/api/v1/health","timestamp":"2025-04-16T13:23:32.847Z"}
{"ip":"::1","level":"info","message":"Incoming request","method":"GET","path":"/api/v1/health","timestamp":"2025-04-16T13:29:36.470Z"}
{"ip":"::1","level":"info","message":"Incoming request","method":"GET","path":"/api/v1/health","timestamp":"2025-04-16T13:29:42.552Z"}
{"ip":"::1","level":"info","message":"Incoming request","method":"GET","path":"/api/v1/health","timestamp":"2025-04-16T13:29:48.617Z"}
{"ip":"::1","level":"info","message":"Incoming request","method":"GET","path":"/api/v1/health","timestamp":"2025-04-16T13:29:54.697Z"}
{"ip":"::1","level":"info","message":"Incoming request","method":"GET","path":"/api/v1/health","timestamp":"2025-04-16T13:30:00.777Z"}
{"ip":"::1","level":"info","message":"Incoming request","method":"GET","path":"/api/v1/health","timestamp":"2025-04-16T13:30:29.865Z"}
{"ip":"::1","level":"info","message":"Incoming request","method":"POST","path":"/api/v1/auth/login","timestamp":"2025-04-16T13:31:03.103Z"}
{"ip":"::1","level":"info","message":"Incoming request","method":"GET","path":"/api/v1/health","timestamp":"2025-04-16T13:31:32.637Z"}
{"ip":"::1","level":"info","message":"Incoming request","method":"GET","path":"/api/v1/health","timestamp":"2025-04-16T13:31:47.672Z"}
{"ip":"::1","level":"info","message":"Incoming request","method":"GET","path":"/favicon.ico","timestamp":"2025-04-16T13:31:52.089Z"}
{"ip":"::1","level":"info","message":"Incoming request","method":"GET","path":"/api/v1/health","timestamp":"2025-04-16T13:33:14.861Z"}
{"ip":"::1","level":"info","message":"Incoming request","method":"GET","path":"/api/v1/health","timestamp":"2025-04-16T13:33:21.960Z"}
{"ip":"::1","level":"info","message":"Incoming request","method":"GET","path":"/api/v1/health","timestamp":"2025-04-16T13:34:21.439Z"}
{"ip":"::1","level":"info","message":"Incoming request","method":"GET","path":"/api/v1/health","timestamp":"2025-04-16T13:34:27.676Z"}
{"ip":"::1","level":"info","message":"Incoming request","method":"GET","path":"/api/v1/health","timestamp":"2025-04-16T13:34:34.522Z"}
{"ip":"::1","level":"info","message":"Incoming request","method":"GET","path":"/api/v1/health","timestamp":"2025-04-16T13:35:29.940Z"}
{"ip":"::1","level":"info","message":"Incoming request","method":"POST","path":"/api/v1/auth/login","timestamp":"2025-04-16T13:35:32.624Z"}
{"ip":"::1","level":"info","message":"Incoming request","method":"POST","path":"/api/v1/auth/login","timestamp":"2025-04-16T13:35:44.626Z"}
{"ip":"::1","level":"info","message":"Incoming request","method":"GET","path":"/api/v1/health","timestamp":"2025-04-16T13:35:50.028Z"}
{"ip":"::1","level":"info","message":"Incoming request","method":"GET","path":"/api/v1/health","timestamp":"2025-04-16T13:35:50.722Z"}
{"ip":"::1","level":"info","message":"Incoming request","method":"GET","path":"/api/v1/health","timestamp":"2025-04-16T13:35:50.909Z"}
{"ip":"::1","level":"info","message":"Incoming request","method":"GET","path":"/api/v1/health","timestamp":"2025-04-16T13:35:51.076Z"}
{"ip":"::1","level":"info","message":"Incoming request","method":"GET","path":"/api/v1/health","timestamp":"2025-04-16T13:35:51.244Z"}
{"ip":"::1","level":"info","message":"Incoming request","method":"GET","path":"/api/v1/health","timestamp":"2025-04-16T13:35:51.544Z"}
{"ip":"::1","level":"info","message":"Incoming request","method":"GET","path":"/api/v1/health","timestamp":"2025-04-16T13:35:51.728Z"}
{"ip":"::1","level":"info","message":"Incoming request","method":"GET","path":"/api/v1/health","timestamp":"2025-04-16T13:35:51.926Z"}
{"ip":"::1","level":"info","message":"Incoming request","method":"GET","path":"/api/v1/health","timestamp":"2025-04-16T13:35:59.606Z"}
{"ip":"::1","level":"info","message":"Incoming request","method":"GET","path":"/api/v1/health","timestamp":"2025-04-16T13:36:02.154Z"}
