{"ip":"::1","level":"info","message":"Incoming request","method":"POST","path":"/api/v1/pregnify/pregnancy/risk/pregnancies/14736176-52d2-4cca-845d-cf944e3a58c5/risk-assessments","timestamp":"2025-04-07T15:47:24.829Z"}
{"ip":"::1","level":"info","message":"Incoming request","method":"POST","path":"/api/v1/auth/login","timestamp":"2025-04-07T15:48:26.983Z"}
{"ip":"::1","level":"info","message":"Incoming request","method":"POST","path":"/api/v1/auth/register","timestamp":"2025-04-07T15:48:40.858Z"}
{"ip":"::1","level":"info","message":"Incoming request","method":"POST","path":"/api/v1/auth/login","timestamp":"2025-04-07T15:48:41.231Z"}
{"ip":"::1","level":"info","message":"Incoming request","method":"GET","path":"/api/v1/auth/user","timestamp":"2025-04-07T15:48:41.338Z"}
{"ip":"::1","level":"info","message":"Incoming request","method":"GET","path":"/api/v1/account/profile","timestamp":"2025-04-07T15:48:47.594Z"}
{"ip":"::1","level":"info","message":"Incoming request","method":"GET","path":"/api/v1/account/profile","timestamp":"2025-04-07T15:48:58.524Z"}
{"ip":"::1","level":"info","message":"Incoming request","method":"GET","path":"/api/v1/account/profile","timestamp":"2025-04-07T15:51:30.198Z"}
{"ip":"::1","level":"info","message":"Incoming request","method":"POST","path":"/api/v1/auth/logout","timestamp":"2025-04-07T15:51:35.791Z"}
{"ip":"::1","level":"info","message":"Incoming request","method":"POST","path":"/api/v1/auth/login","timestamp":"2025-04-07T15:51:45.390Z"}
{"ip":"::1","level":"info","message":"Incoming request","method":"GET","path":"/api/v1/auth/user","timestamp":"2025-04-07T15:51:45.497Z"}
{"ip":"::1","level":"info","message":"Incoming request","method":"GET","path":"/api/v1/account/profile","timestamp":"2025-04-07T15:51:52.751Z"}
{"ip":"::1","level":"info","message":"Incoming request","method":"POST","path":"/api/v1/auth/login","timestamp":"2025-04-07T15:52:52.356Z"}
{"ip":"::1","level":"info","message":"Incoming request","method":"GET","path":"/api/v1/account/profile","timestamp":"2025-04-07T15:53:09.374Z"}
{"ip":"::1","level":"info","message":"Incoming request","method":"GET","path":"/api/v1/account/profile","timestamp":"2025-04-07T15:53:48.288Z"}
{"ip":"::1","level":"info","message":"Incoming request","method":"PUT","path":"/api/v1/account/profile/personal/basic","timestamp":"2025-04-07T15:56:34.153Z"}
{"ip":"::1","level":"info","message":"Incoming request","method":"POST","path":"/api/v1/pregnify/pregnancy/risk/pregnancies/14736176-52d2-4cca-845d-cf944e3a58c5/risk-assessments","timestamp":"2025-04-07T16:02:16.927Z"}
{"ip":"::1","level":"info","message":"Incoming request","method":"POST","path":"/api/v1/pregnify/pregnancy/risk/pregnancies/14736176-52d2-4cca-845d-cf944e3a58c5/risk-assessments","timestamp":"2025-04-07T16:04:23.939Z"}
{"ip":"::1","level":"info","message":"Incoming request","method":"POST","path":"/api/v1/auth/logout","timestamp":"2025-04-07T16:09:11.531Z"}
{"ip":"::1","level":"info","message":"Incoming request","method":"POST","path":"/api/v1/auth/register","timestamp":"2025-04-07T16:09:42.511Z"}
{"ip":"::1","level":"info","message":"Incoming request","method":"POST","path":"/api/v1/auth/login","timestamp":"2025-04-07T16:09:42.870Z"}
{"ip":"::1","level":"info","message":"Incoming request","method":"GET","path":"/api/v1/auth/user","timestamp":"2025-04-07T16:09:43.024Z"}
{"ip":"::1","level":"info","message":"Incoming request","method":"GET","path":"/api/v1/account/profile","timestamp":"2025-04-07T16:09:51.294Z"}
{"ip":"::1","level":"info","message":"Incoming request","method":"GET","path":"/api/v1/account/profile","timestamp":"2025-04-07T16:09:55.951Z"}
{"ip":"::1","level":"info","message":"Incoming request","method":"POST","path":"/api/v1/auth/register","timestamp":"2025-04-07T16:12:16.388Z"}
{"ip":"::1","level":"info","message":"Incoming request","method":"POST","path":"/api/v1/auth/logout","timestamp":"2025-04-07T16:12:34.763Z"}
{"ip":"::1","level":"info","message":"Incoming request","method":"POST","path":"/api/v1/auth/login","timestamp":"2025-04-07T16:12:43.380Z"}
{"ip":"::1","level":"info","message":"Incoming request","method":"GET","path":"/api/v1/auth/user","timestamp":"2025-04-07T16:12:43.494Z"}
{"ip":"::1","level":"info","message":"Incoming request","method":"GET","path":"/api/v1/account/profile","timestamp":"2025-04-07T16:12:47.324Z"}
{"ip":"::1","level":"info","message":"Incoming request","method":"POST","path":"/api/v1/auth/register","timestamp":"2025-04-07T16:19:22.109Z"}
{"ip":"::1","level":"info","message":"Incoming request","method":"GET","path":"/api/v1/account/profile","timestamp":"2025-04-07T16:19:39.800Z"}
{"ip":"::1","level":"info","message":"Incoming request","method":"POST","path":"/api/v1/auth/logout","timestamp":"2025-04-07T16:19:44.439Z"}
{"ip":"::1","level":"info","message":"Incoming request","method":"GET","path":"/api/v1/account/profile","timestamp":"2025-04-07T16:19:58.000Z"}
{"ip":"::1","level":"info","message":"Incoming request","method":"POST","path":"/api/v1/auth/logout","timestamp":"2025-04-07T16:20:01.350Z"}
{"ip":"::1","level":"info","message":"Incoming request","method":"POST","path":"/api/v1/auth/login","timestamp":"2025-04-07T16:20:08.514Z"}
{"ip":"::1","level":"info","message":"Incoming request","method":"GET","path":"/api/v1/auth/user","timestamp":"2025-04-07T16:20:08.637Z"}
{"ip":"::1","level":"info","message":"Incoming request","method":"GET","path":"/api/v1/account/profile","timestamp":"2025-04-07T16:20:12.611Z"}
{"ip":"::1","level":"info","message":"Incoming request","method":"GET","path":"/api/v1/account/profile","timestamp":"2025-04-07T16:25:35.164Z"}
{"ip":"::1","level":"info","message":"Incoming request","method":"POST","path":"/api/v1/auth/login","timestamp":"2025-04-07T16:38:52.068Z"}
{"ip":"::1","level":"info","message":"Incoming request","method":"POST","path":"/api/v1/auth/register","timestamp":"2025-04-07T16:39:03.334Z"}
{"ip":"::1","level":"info","message":"Incoming request","method":"POST","path":"/api/v1/auth/login","timestamp":"2025-04-07T16:39:03.745Z"}
{"ip":"::1","level":"info","message":"Incoming request","method":"GET","path":"/api/v1/auth/user","timestamp":"2025-04-07T16:39:03.879Z"}
{"ip":"::1","level":"info","message":"Incoming request","method":"GET","path":"/api/v1/account/profile","timestamp":"2025-04-07T16:39:11.409Z"}
{"ip":"::1","level":"info","message":"Incoming request","method":"PUT","path":"/api/v1/account/profile/personal/basic","timestamp":"2025-04-07T16:39:42.581Z"}
{"ip":"::1","level":"info","message":"Incoming request","method":"PUT","path":"/api/v1/account/profile/personal/basic","timestamp":"2025-04-07T16:39:47.933Z"}
{"ip":"::1","level":"info","message":"Incoming request","method":"PUT","path":"/api/v1/account/profile/personal/basic","timestamp":"2025-04-07T16:39:55.271Z"}
{"ip":"::1","level":"info","message":"Incoming request","method":"PUT","path":"/api/v1/account/profile/personal/basic","timestamp":"2025-04-07T16:40:12.817Z"}
{"ip":"::1","level":"info","message":"Incoming request","method":"PUT","path":"/api/v1/account/profile/personal/basic","timestamp":"2025-04-07T16:40:19.958Z"}
{"ip":"::1","level":"info","message":"Incoming request","method":"PUT","path":"/api/v1/account/profile/personal/basic","timestamp":"2025-04-07T16:40:20.912Z"}
{"ip":"::1","level":"info","message":"Incoming request","method":"PUT","path":"/api/v1/account/profile/personal/basic","timestamp":"2025-04-07T16:40:26.991Z"}
{"ip":"::1","level":"info","message":"Incoming request","method":"PUT","path":"/api/v1/account/profile/personal/basic","timestamp":"2025-04-07T16:40:33.493Z"}
{"ip":"::1","level":"info","message":"Incoming request","method":"GET","path":"/api/v1/account/profile","timestamp":"2025-04-07T16:40:35.962Z"}
{"ip":"::1","level":"info","message":"Incoming request","method":"POST","path":"/api/v1/pregnify/pregnancy/risk/pregnancies/14736176-52d2-4cca-845d-cf944e3a58c5/risk-assessments","timestamp":"2025-04-07T16:43:20.167Z"}
{"ip":"::1","level":"info","message":"Incoming request","method":"POST","path":"/api/v1/pregnify/pregnancy/risk/pregnancies/14736176-52d2-4cca-845d-cf944e3a58c5/risk-assessments","timestamp":"2025-04-07T16:43:36.696Z"}
{"ip":"::1","level":"info","message":"Incoming request","method":"POST","path":"/api/v1/pregnify/pregnancy","timestamp":"2025-04-07T16:43:52.345Z"}
{"ip":"::1","level":"info","message":"Incoming request","method":"GET","path":"/api/v1/pregnify/pregnancy","timestamp":"2025-04-07T16:44:08.746Z"}
{"ip":"::1","level":"info","message":"Incoming request","method":"PUT","path":"/api/v1/pregnify/pregnancy/c3453c16-3480-41c4-af34-229ac315cd3e","timestamp":"2025-04-07T16:44:17.886Z"}
{"ip":"::1","level":"info","message":"Incoming request","method":"PUT","path":"/api/v1/pregnify/pregnancy/c3453c16-3480-41c4-af34-229ac315cd3e","timestamp":"2025-04-07T16:44:24.926Z"}
{"ip":"::1","level":"info","message":"Incoming request","method":"PATCH","path":"/api/v1/pregnify/pregnancy/c3453c16-3480-41c4-af34-229ac315cd3e","timestamp":"2025-04-07T16:44:35.662Z"}
{"ip":"::1","level":"info","message":"Incoming request","method":"GET","path":"/api/v1/pregnify/pregnancy/history","timestamp":"2025-04-07T16:44:42.773Z"}
{"ip":"::1","level":"info","message":"Incoming request","method":"POST","path":"/api/v1/pregnify/pregnancy/risk/pregnancies/c3453c16-3480-41c4-af34-229ac315cd3e/risk-assessments","timestamp":"2025-04-07T16:44:57.932Z"}
{"ip":"::1","level":"info","message":"Incoming request","method":"GET","path":"/api/v1/pregnify/pregnancy/active","timestamp":"2025-04-07T16:46:02.318Z"}
{"ip":"::1","level":"info","message":"Incoming request","method":"GET","path":"/api/v1/pregnify/pregnancy","timestamp":"2025-04-07T16:50:29.916Z"}
{"ip":"::1","level":"info","message":"Incoming request","method":"GET","path":"/api/v1/pregnify/pregnancy/risk/pregnancies/c3453c16-3480-41c4-af34-229ac315cd3e/risk-assessments","timestamp":"2025-04-07T16:54:28.047Z"}
{"ip":"::1","level":"info","message":"Incoming request","method":"GET","path":"/api/v1/pregnify/pregnancy/risk/pregnancies/c3453c16-3480-41c4-af34-229ac315cd3e/latest","timestamp":"2025-04-07T16:56:08.386Z"}
{"ip":"::1","level":"info","message":"Incoming request","method":"GET","path":"/api/v1/pregnify/pregnancy/risk/pregnancies/4c9a7ec1-7731-453e-a157-236aa7276de3/risk-assessments","timestamp":"2025-04-07T16:56:31.943Z"}
{"ip":"::1","level":"info","message":"Incoming request","method":"GET","path":"/api/v1/pregnify/pregnancy/risk/pregnancies/c3453c16-3480-41c4-af34-229ac315cd3e/risk-assessments","timestamp":"2025-04-07T16:56:51.458Z"}
{"ip":"::1","level":"info","message":"Incoming request","method":"GET","path":"/api/v1/pregnify/pregnancy/risk/pregnancies/4c9a7ec1-7731-453e-a157-236aa7276de3/latest","timestamp":"2025-04-07T16:57:04.221Z"}
{"ip":"::1","level":"info","message":"Incoming request","method":"GET","path":"/api/v1/pregnify/pregnancy/risk/pregnancies/c3453c16-3480-41c4-af34-229ac315cd3e/latest","timestamp":"2025-04-07T16:57:29.541Z"}
{"ip":"::1","level":"info","message":"Incoming request","method":"GET","path":"/api/v1/pregnify/pregnancy","timestamp":"2025-04-07T16:57:40.608Z"}
{"ip":"::1","level":"info","message":"Incoming request","method":"GET","path":"/api/v1/pregnify/pregnancy/risk/pregnancies/c3453c16-3480-41c4-af34-229ac315cd3e/latest","timestamp":"2025-04-07T16:57:56.386Z"}
{"ip":"::1","level":"info","message":"Incoming request","method":"GET","path":"/api/v1/pregnify/pregnancy/risk/pregnancies/c3453c16-3480-41c4-af34-229ac315cd3e/latest","timestamp":"2025-04-07T16:58:04.206Z"}
{"ip":"::1","level":"info","message":"Incoming request","method":"GET","path":"/api/v1/pregnify/pregnancy/risk/pregnancies/c3453c16-3480-41c4-af34-229ac315cd3e/risk-assessments/latest","timestamp":"2025-04-07T16:58:24.616Z"}
